<?xml version="1.0" encoding="UTF-8"?>
<testng-results ignored="0" total="3" passed="3" failed="0" skipped="0">
  <reporter-output>
  </reporter-output>
  <suite started-at="2023-11-28T19:04:48 IST" name="HRM Test Suite" finished-at="2023-11-28T19:04:58 IST" duration-ms="10060">
    <groups>
    </groups>
    <test started-at="2023-11-28T19:04:48 IST" name="Pending Leave Request Test Case" finished-at="2023-11-28T19:04:51 IST" duration-ms="2765">
      <class name="TestCases.Test_Pending_Leave_Request">
        <test-method signature="Employees_on_Leave()[pri:0, instance:TestCases.Test_Pending_Leave_Request@51891008]" started-at="2023-11-28T19:04:48 IST" name="Employees_on_Leave" finished-at="2023-11-28T19:04:51 IST" duration-ms="2735" status="PASS">
          <reporter-output>
          </reporter-output>
        </test-method> <!-- Employees_on_Leave -->
      </class> <!-- TestCases.Test_Pending_Leave_Request -->
    </test> <!-- Pending Leave Request Test Case -->
    <test started-at="2023-11-28T19:04:51 IST" name="Check User Role Test Case" finished-at="2023-11-28T19:04:53 IST" duration-ms="2549">
      <class name="TestCases.Test_User_Role">
        <test-method signature="checkUserRole()[pri:0, instance:TestCases.Test_User_Role@3e78b6a5]" started-at="2023-11-28T19:04:51 IST" name="checkUserRole" finished-at="2023-11-28T19:04:53 IST" duration-ms="2545" status="PASS">
          <reporter-output>
          </reporter-output>
        </test-method> <!-- checkUserRole -->
      </class> <!-- TestCases.Test_User_Role -->
    </test> <!-- Check User Role Test Case -->
    <test started-at="2023-11-28T19:04:53 IST" name="My Claim Test Case" finished-at="2023-11-28T19:04:58 IST" duration-ms="4660">
      <class name="TestCases.Test_My_Claim">
        <test-method is-config="true" signature="launchBrowser()[pri:0, instance:TestCases.Test_My_Claim@64b0598]" started-at="2023-11-28T19:04:36 IST" name="launchBrowser" finished-at="2023-11-28T19:04:48 IST" duration-ms="11503" status="PASS">
          <reporter-output>
          </reporter-output>
        </test-method> <!-- launchBrowser -->
        <test-method signature="checkClaim()[pri:0, instance:TestCases.Test_My_Claim@64b0598]" started-at="2023-11-28T19:04:53 IST" name="checkClaim" finished-at="2023-11-28T19:04:58 IST" duration-ms="4659" status="PASS">
          <reporter-output>
          </reporter-output>
        </test-method> <!-- checkClaim -->
        <test-method is-config="true" signature="tearDown()[pri:0, instance:TestCases.Test_My_Claim@64b0598]" started-at="2023-11-28T19:04:58 IST" name="tearDown" finished-at="2023-11-28T19:04:59 IST" duration-ms="742" status="PASS">
          <reporter-output>
          </reporter-output>
        </test-method> <!-- tearDown -->
      </class> <!-- TestCases.Test_My_Claim -->
    </test> <!-- My Claim Test Case -->
  </suite> <!-- HRM Test Suite -->
</testng-results>
