<?xml version="1.0" encoding="UTF-8"?>
<!-- Generated by org.testng.reporters.JUnitXMLReporter -->
<testsuite ignored="0" hostname="L-158032554" failures="1" tests="1" name="Assign Claim Test Case" time="0.046" errors="0" timestamp="2023-11-25T19:34:44 IST">
  <testcase classname="TestCases.Test_Assign_claim" name="assignclaim" time="0.033">
    <failure type="java.lang.NullPointerException" message="Cannot invoke &amp;quot;org.openqa.selenium.WebElement.click()&amp;quot; because &amp;quot;PageObjectModel.Assign_claim_Page_object.Attachments&amp;quot; is null">
      <![CDATA[java.lang.NullPointerException: Cannot invoke "org.openqa.selenium.WebElement.click()" because "PageObjectModel.Assign_claim_Page_object.Attachments" is null
at TestCases.Test_Assign_claim.Attachments(Test_Assign_claim.java:22)
at TestCases.Test_Assign_claim.assignclaim(Test_Assign_claim.java:49)
at java.base/java.util.ArrayList.forEach(ArrayList.java:1511)
... Removed 27 stack frames]]>
    </failure>
  </testcase> <!-- assignclaim -->
</testsuite> <!-- Assign Claim Test Case -->
